# BDD-4,13-55,57,58 行为类：test_check_mvwu.py 逐用例结果
# COMMAND: timeout 300 python3 -m pytest agate/tests/unit/test_check_mvwu.py -v -p no:cacheprovider
============================= test session starts ==============================
platform linux -- Python 3.12.3, pytest-9.0.3, pluggy-1.6.0 -- /usr/bin/python3
rootdir: /home/kity/oclab/agateon/.worktrees/agate-TAG0036
configfile: pyproject.toml
plugins: xdist-3.8.0, asyncio-1.3.0, rerunfailures-16.7, anyio-4.12.1, cov-7.1.0
asyncio: mode=Mode.STRICT, debug=False, asyncio_default_fixture_loop_scope=None, asyncio_default_test_loop_scope=function
collecting ... collected 111 items

agate/tests/unit/test_check_mvwu.py::test_bdd_13_basic_contract_two_batches_in_declared_order PASSED [  0%]
agate/tests/unit/test_check_mvwu.py::test_bdd_4_mixed_tests_filter_batches_are_independent PASSED [  1%]
agate/tests/unit/test_check_mvwu.py::test_bdd_14_check1_tests_filter_missing_or_invalid_is_unknown[missing] PASSED [  2%]
agate/tests/unit/test_check_mvwu.py::test_bdd_14_check1_tests_filter_missing_or_invalid_is_unknown[empty-string] PASSED [  3%]
agate/tests/unit/test_check_mvwu.py::test_bdd_14_check1_tests_filter_missing_or_invalid_is_unknown[non-string-int] PASSED [  4%]
agate/tests/unit/test_check_mvwu.py::test_bdd_14_check1_tests_filter_missing_or_invalid_is_unknown[non-string-list] PASSED [  5%]
agate/tests/unit/test_check_mvwu.py::test_bdd_15_check2_command_first_word_unresolvable_or_missing_is_unknown[unresolvable-first-word] PASSED [  6%]
agate/tests/unit/test_check_mvwu.py::test_bdd_15_check2_command_first_word_unresolvable_or_missing_is_unknown[missing-key] PASSED [  7%]
agate/tests/unit/test_check_mvwu.py::test_bdd_15_check2_command_first_word_unresolvable_or_missing_is_unknown[empty] PASSED [  8%]
agate/tests/unit/test_check_mvwu.py::test_bdd_15_check2_command_first_word_unresolvable_or_missing_is_unknown[unbalanced-quote] PASSED [  9%]
agate/tests/unit/test_check_mvwu.py::test_bdd_15_check2_command_first_word_unresolvable_or_missing_is_unknown[only-env-assignment] PASSED [  9%]
agate/tests/unit/test_check_mvwu.py::test_bdd_16_check2_leading_env_assignment_is_skipped PASSED [ 10%]
agate/tests/unit/test_check_mvwu.py::test_bdd_17_check2_compound_command_only_first_word_is_checked PASSED [ 11%]
agate/tests/unit/test_check_mvwu.py::test_bdd_18_command_is_not_compared_with_tests_filter PASSED [ 12%]
agate/tests/unit/test_check_mvwu.py::test_bdd_19_never_executes_command_or_tests_filter[default] PASSED [ 13%]
agate/tests/unit/test_check_mvwu.py::test_bdd_19_never_executes_command_or_tests_filter[observe] PASSED [ 14%]
agate/tests/unit/test_check_mvwu.py::test_bdd_20_check3_evidence_missing_is_unknown PASSED [ 15%]
agate/tests/unit/test_check_mvwu.py::test_bdd_21_unsafe_batch_id_is_unknown_and_external_file_not_read[dotdot] PASSED [ 16%]
agate/tests/unit/test_check_mvwu.py::test_bdd_21_unsafe_batch_id_is_unknown_and_external_file_not_read[space] PASSED [ 17%]
agate/tests/unit/test_check_mvwu.py::test_bdd_21_unsafe_batch_id_is_unknown_and_external_file_not_read[slash] PASSED [ 18%]
agate/tests/unit/test_check_mvwu.py::test_bdd_21_unsafe_batch_id_is_unknown_and_external_file_not_read[backslash] PASSED [ 18%]
agate/tests/unit/test_check_mvwu.py::test_bdd_22_unsafe_batch_id_print_form_is_machine_readable PASSED [ 19%]
agate/tests/unit/test_check_mvwu.py::test_bdd_22_unsafe_id_encoding_equivalence_classes[space] PASSED [ 20%]
agate/tests/unit/test_check_mvwu.py::test_bdd_22_unsafe_id_encoding_equivalence_classes[pipe] PASSED [ 21%]
agate/tests/unit/test_check_mvwu.py::test_bdd_22_unsafe_id_encoding_equivalence_classes[dotdot-slash] PASSED [ 22%]
agate/tests/unit/test_check_mvwu.py::test_bdd_22_unsafe_id_encoding_equivalence_classes[backslash] PASSED [ 23%]
agate/tests/unit/test_check_mvwu.py::test_bdd_22_unsafe_id_encoding_equivalence_classes[non-ascii-utf8-bytes] PASSED [ 24%]
agate/tests/unit/test_check_mvwu.py::test_bdd_22_unsafe_id_encoding_equivalence_classes[empty] PASSED [ 25%]
agate/tests/unit/test_check_mvwu.py::test_bdd_22_unsafe_id_encoding_equivalence_classes[int-id] PASSED [ 26%]
agate/tests/unit/test_check_mvwu.py::test_bdd_22_unsafe_id_encoding_equivalence_classes[null-id] PASSED [ 27%]
agate/tests/unit/test_check_mvwu.py::test_bdd_23_check4_exit_code_missing_or_non_integer_is_unknown[missing] PASSED [ 27%]
agate/tests/unit/test_check_mvwu.py::test_bdd_23_check4_exit_code_missing_or_non_integer_is_unknown[non-integer-word] PASSED [ 28%]
agate/tests/unit/test_check_mvwu.py::test_bdd_23_check4_exit_code_missing_or_non_integer_is_unknown[empty] PASSED [ 29%]
agate/tests/unit/test_check_mvwu.py::test_bdd_23_check4_exit_code_missing_or_non_integer_is_unknown[float] PASSED [ 30%]
agate/tests/unit/test_check_mvwu.py::test_bdd_24_check5_git_head_invalid_is_unknown_even_when_green[nonexistent-full-sha] PASSED [ 31%]
agate/tests/unit/test_check_mvwu.py::test_bdd_24_check5_git_head_invalid_is_unknown_even_when_green[short-sha] PASSED [ 32%]
agate/tests/unit/test_check_mvwu.py::test_bdd_24_check5_git_head_invalid_is_unknown_even_when_green[branch-name] PASSED [ 33%]
agate/tests/unit/test_check_mvwu.py::test_bdd_24_check5_git_head_invalid_is_unknown_even_when_green[HEAD] PASSED [ 34%]
agate/tests/unit/test_check_mvwu.py::test_bdd_24_check5_git_head_invalid_is_unknown_even_when_green[missing-key] PASSED [ 35%]
agate/tests/unit/test_check_mvwu.py::test_bdd_24_check5_task_dir_outside_git_repo_is_unknown PASSED [ 36%]
agate/tests/unit/test_check_mvwu.py::test_bdd_24_check5_uppercase_full_sha_is_valid PASSED [ 36%]
agate/tests/unit/test_check_mvwu.py::test_bdd_25_verdict_pass PASSED     [ 37%]
agate/tests/unit/test_check_mvwu.py::test_bdd_26_verdict_fail_nonzero_exit_without_expected_red PASSED [ 38%]
agate/tests/unit/test_check_mvwu.py::test_bdd_27_verdict_fail_unexpected_red PASSED [ 39%]
agate/tests/unit/test_check_mvwu.py::test_bdd_28_verdict_expected_red PASSED [ 40%]
agate/tests/unit/test_check_mvwu.py::test_bdd_29_expected_red_not_verifiable_is_unknown_not_guessed[failed-tests-missing] PASSED [ 41%]
agate/tests/unit/test_check_mvwu.py::test_bdd_29_expected_red_not_verifiable_is_unknown_not_guessed[failed-tests-empty] PASSED [ 42%]
agate/tests/unit/test_check_mvwu.py::test_bdd_30_quoted_node_ids_with_commas_brackets_parse_correctly[comma-and-brackets-in-param-id] PASSED [ 43%]
agate/tests/unit/test_check_mvwu.py::test_bdd_30_quoted_node_ids_with_commas_brackets_parse_correctly[escaped-double-quote] PASSED [ 44%]
agate/tests/unit/test_check_mvwu.py::test_bdd_30_quoted_node_ids_with_commas_brackets_parse_correctly[escaped-backslash] PASSED [ 45%]
agate/tests/unit/test_check_mvwu.py::test_bdd_31_element_equality_is_exact_node_id PASSED [ 45%]
agate/tests/unit/test_check_mvwu.py::test_bdd_32_unparseable_expected_red_or_failed_tests_is_unknown[bare-scalar-exit1] PASSED [ 46%]
agate/tests/unit/test_check_mvwu.py::test_bdd_32_unparseable_expected_red_or_failed_tests_is_unknown[bare-scalar-exit0] PASSED [ 47%]
agate/tests/unit/test_check_mvwu.py::test_bdd_32_unparseable_expected_red_or_failed_tests_is_unknown[unclosed-flow-seq] PASSED [ 48%]
agate/tests/unit/test_check_mvwu.py::test_bdd_32_unparseable_expected_red_or_failed_tests_is_unknown[non-string-elements-expected-red] PASSED [ 49%]
agate/tests/unit/test_check_mvwu.py::test_bdd_32_unparseable_expected_red_or_failed_tests_is_unknown[bare-scalar-failed-tests] PASSED [ 50%]
agate/tests/unit/test_check_mvwu.py::test_bdd_32_unparseable_expected_red_or_failed_tests_is_unknown[non-string-elements-failed-tests] PASSED [ 51%]
agate/tests/unit/test_check_mvwu.py::test_bdd_33_exit_zero_with_nonempty_failed_tests_is_unknown_exit_code PASSED [ 52%]
agate/tests/unit/test_check_mvwu.py::test_bdd_34_multi_fault_reason_uses_fixed_order PASSED [ 53%]
agate/tests/unit/test_check_mvwu.py::test_bdd_35_unknown_is_never_pass_and_documents_it PASSED [ 54%]
agate/tests/unit/test_check_mvwu.py::test_bdd_36_every_verdict_exits_zero_without_traceback PASSED [ 54%]
agate/tests/unit/test_check_mvwu.py::test_bdd_37_usage_or_target_error_exits_2[no-args] PASSED [ 55%]
agate/tests/unit/test_check_mvwu.py::test_bdd_37_usage_or_target_error_exits_2[missing-dir] PASSED [ 56%]
agate/tests/unit/test_check_mvwu.py::test_bdd_37_usage_or_target_error_exits_2[missing-dir-observe] PASSED [ 57%]
agate/tests/unit/test_check_mvwu.py::test_bdd_37_usage_or_target_error_exits_2[observe-only] PASSED [ 58%]
agate/tests/unit/test_check_mvwu.py::test_bdd_38_read_only_no_state_written[default] PASSED [ 59%]
agate/tests/unit/test_check_mvwu.py::test_bdd_38_read_only_no_state_written[observe] PASSED [ 60%]
agate/tests/unit/test_check_mvwu.py::test_bdd_39_no_judgeable_batch_gives_honest_unknown_line[p2-missing] PASSED [ 61%]
agate/tests/unit/test_check_mvwu.py::test_bdd_39_no_judgeable_batch_gives_honest_unknown_line[bad-yaml] PASSED [ 62%]
agate/tests/unit/test_check_mvwu.py::test_bdd_39_no_judgeable_batch_gives_honest_unknown_line[no-dispatch-plan] PASSED [ 63%]
agate/tests/unit/test_check_mvwu.py::test_bdd_39_no_judgeable_batch_gives_honest_unknown_line[single-mode-no-batches] PASSED [ 63%]
agate/tests/unit/test_check_mvwu.py::test_bdd_39_observe_no_judgeable_batch_gives_single_row_with_dash_first_column PASSED [ 64%]
agate/tests/unit/test_check_mvwu.py::test_bdd_40_corrupt_evidence_is_unknown_and_does_not_crash[empty-file] PASSED [ 65%]
agate/tests/unit/test_check_mvwu.py::test_bdd_40_corrupt_evidence_is_unknown_and_does_not_crash[whitespace-only] PASSED [ 66%]
agate/tests/unit/test_check_mvwu.py::test_bdd_40_corrupt_evidence_is_unknown_and_does_not_crash[non-utf8-bytes] PASSED [ 67%]
agate/tests/unit/test_check_mvwu.py::test_bdd_40_corrupt_evidence_is_unknown_and_does_not_crash[no-key-value-lines] PASSED [ 68%]
agate/tests/unit/test_check_mvwu.py::test_bdd_41_batches_are_judged_independently PASSED [ 69%]
agate/tests/unit/test_check_mvwu.py::test_bdd_42_boundary_and_commit_form_do_not_affect_verdict PASSED [ 70%]
agate/tests/unit/test_check_mvwu.py::test_bdd_43_observe_seven_column_rows_one_per_batch PASSED [ 71%]
agate/tests/unit/test_check_mvwu.py::test_bdd_44_observe_escapes_pipe_backtick_backslash_newline PASSED [ 72%]
agate/tests/unit/test_check_mvwu.py::test_bdd_45_duration_column_from_duration_seconds[integer] PASSED [ 72%]
agate/tests/unit/test_check_mvwu.py::test_bdd_45_duration_column_from_duration_seconds[fractional-one-decimal] PASSED [ 73%]
agate/tests/unit/test_check_mvwu.py::test_bdd_45_duration_column_from_duration_seconds[zero] PASSED [ 74%]
agate/tests/unit/test_check_mvwu.py::test_bdd_45_duration_column_from_duration_seconds[missing] PASSED [ 75%]
agate/tests/unit/test_check_mvwu.py::test_bdd_45_duration_column_from_duration_seconds[not-a-number] PASSED [ 76%]
agate/tests/unit/test_check_mvwu.py::test_bdd_45_duration_column_from_duration_seconds[negative] PASSED [ 77%]
agate/tests/unit/test_check_mvwu.py::test_bdd_45_duration_column_from_duration_seconds[empty] PASSED [ 78%]
agate/tests/unit/test_check_mvwu.py::test_bdd_46_evidence_column_reflects_log_file_existence PASSED [ 79%]
agate/tests/unit/test_check_mvwu.py::test_bdd_47_commit_form_per_batch PASSED [ 80%]
agate/tests/unit/test_check_mvwu.py::test_bdd_48_commit_form_merged PASSED [ 81%]
agate/tests/unit/test_check_mvwu.py::test_bdd_49_commit_form_unattributable_is_unknown[no-output] PASSED [ 81%]
agate/tests/unit/test_check_mvwu.py::test_bdd_49_commit_form_unattributable_is_unknown[never-modified-in-range] PASSED [ 82%]
agate/tests/unit/test_check_mvwu.py::test_bdd_49_commit_form_unattributable_is_unknown[scattered-over-commits] PASSED [ 83%]
agate/tests/unit/test_check_mvwu.py::test_bdd_50_undeterminable_baseline_gives_unknown_and_diagnostic[no-default-branch] PASSED [ 84%]
agate/tests/unit/test_check_mvwu.py::test_bdd_50_undeterminable_baseline_gives_unknown_and_diagnostic[head-is-default-tip] PASSED [ 85%]
agate/tests/unit/test_check_mvwu.py::test_bdd_51_boundary_exact_excludes_default_workspace_tasks_prefix PASSED [ 86%]
agate/tests/unit/test_check_mvwu.py::test_bdd_52_boundary_exclusion_prefix_follows_workspace_config PASSED [ 87%]
agate/tests/unit/test_check_mvwu.py::test_bdd_53_boundary_mismatch[undeclared-file-changed] PASSED [ 88%]
agate/tests/unit/test_check_mvwu.py::test_bdd_53_boundary_mismatch[declared-file-not-changed] PASSED [ 89%]
agate/tests/unit/test_check_mvwu.py::test_bdd_54_boundary_unknown_for_merged_or_no_output[merged-commit-with-output] PASSED [ 90%]
agate/tests/unit/test_check_mvwu.py::test_bdd_54_boundary_unknown_for_merged_or_no_output[no-output] PASSED [ 90%]
agate/tests/unit/test_check_mvwu.py::test_bdd_55_observe_verdicts_match_default_and_stay_read_only PASSED [ 91%]
agate/tests/unit/test_check_mvwu.py::test_bdd_57_test_file_covers_required_bdds_and_windows_smoke_first PASSED [ 92%]
agate/tests/unit/test_check_mvwu.py::test_bdd_58_windows_smoke_selects_and_passes PASSED [ 93%]
agate/tests/unit/test_check_mvwu.py::test_supplement_symlink_escape_evidence_is_not_read PASSED [ 94%]
agate/tests/unit/test_check_mvwu.py::test_supplement_unreadable_evidence_falls_back_without_traceback PASSED [ 95%]
agate/tests/unit/test_check_mvwu.py::test_supplement_duplicate_evidence_key_last_one_wins PASSED [ 96%]
agate/tests/unit/test_check_mvwu.py::test_supplement_crlf_evidence_file_is_parsed PASSED [ 97%]
agate/tests/unit/test_check_mvwu.py::test_supplement_batches_match_agate_md_field_get_source PASSED [ 98%]
agate/tests/unit/test_check_mvwu.py::test_bdd_45_observe_huge_duration_does_not_drop_rows[5000-digit-integer] PASSED [ 99%]
agate/tests/unit/test_check_mvwu.py::test_bdd_45_observe_huge_duration_does_not_drop_rows[400-digit-fractional] PASSED [100%]

============================= 111 passed in 9.34s ==============================
EXIT_CODE: 0
