# BDD-1,2,3,5-12,59-71 文档类：test_mvwu_protocol_docs.py 逐用例结果
# COMMAND: timeout 300 python3 -m pytest agate/tests/unit/test_mvwu_protocol_docs.py -v -p no:cacheprovider
============================= test session starts ==============================
platform linux -- Python 3.12.3, pytest-9.0.3, pluggy-1.6.0 -- /usr/bin/python3
rootdir: /home/kity/oclab/agateon/.worktrees/agate-TAG0036
configfile: pyproject.toml
plugins: xdist-3.8.0, asyncio-1.3.0, rerunfailures-16.7, anyio-4.12.1, cov-7.1.0
asyncio: mode=Mode.STRICT, debug=False, asyncio_default_fixture_loop_scope=None, asyncio_default_test_loop_scope=function
collecting ... collected 65 items

agate/tests/unit/test_mvwu_protocol_docs.py::test_bdd_1_tests_filter_roundtrip_via_md_field_get PASSED [  1%]
agate/tests/unit/test_mvwu_protocol_docs.py::test_bdd_1_tests_filter_special_values_passthrough[spaces] PASSED [  3%]
agate/tests/unit/test_mvwu_protocol_docs.py::test_bdd_1_tests_filter_special_values_passthrough[pipe] PASSED [  4%]
agate/tests/unit/test_mvwu_protocol_docs.py::test_bdd_1_tests_filter_special_values_passthrough[escaped-quote] PASSED [  6%]
agate/tests/unit/test_mvwu_protocol_docs.py::test_bdd_1_tests_filter_special_values_passthrough[param-id] PASSED [  7%]
agate/tests/unit/test_mvwu_protocol_docs.py::test_bdd_1_tests_filter_special_values_passthrough[hash-cjk] PASSED [  9%]
agate/tests/unit/test_mvwu_protocol_docs.py::test_bdd_2_gate_p2_accepts_tests_filter_same_as_without PASSED [ 10%]
agate/tests/unit/test_mvwu_protocol_docs.py::test_bdd_2_gate_p2_still_rejects_invalid_plan_with_tests_filter PASSED [ 12%]
agate/tests/unit/test_mvwu_protocol_docs.py::test_bdd_3_existing_gate_test_files_present[agate/tests/unit/test_dispatch_orchestration.py] PASSED [ 13%]
agate/tests/unit/test_mvwu_protocol_docs.py::test_bdd_3_existing_gate_test_files_present[agate/tests/unit/test_check_gate.py] PASSED [ 15%]
agate/tests/unit/test_mvwu_protocol_docs.py::test_bdd_3_existing_gate_test_files_present[agate/tests/unit/test_agate_md_field_get.py] PASSED [ 16%]
agate/tests/unit/test_mvwu_protocol_docs.py::test_bdd_5_debt_entry_registers_gate_p2_fail_open PASSED [ 18%]
agate/tests/unit/test_mvwu_protocol_docs.py::test_bdd_5_check_debt_passes_on_tech_debt PASSED [ 20%]
agate/tests/unit/test_mvwu_protocol_docs.py::test_bdd_6_p2_card_documents_tests_filter PASSED [ 21%]
agate/tests/unit/test_mvwu_protocol_docs.py::test_bdd_7_architect_documents_tests_filter_selection PASSED [ 23%]
agate/tests/unit/test_mvwu_protocol_docs.py::test_bdd_7_architect_four_hard_rules_verbatim_and_adjacent PASSED [ 24%]
agate/tests/unit/test_mvwu_protocol_docs.py::test_bdd_8_no_bare_python3_inside_tests_filter_examples PASSED [ 26%]
agate/tests/unit/test_mvwu_protocol_docs.py::test_bdd_8_docs_state_platform_neutral_constraint[p2_card] PASSED [ 27%]
agate/tests/unit/test_mvwu_protocol_docs.py::test_bdd_8_docs_state_platform_neutral_constraint[architect] PASSED [ 29%]
agate/tests/unit/test_mvwu_protocol_docs.py::test_bdd_9_output_optional_key_documented[p2_card] PASSED [ 30%]
agate/tests/unit/test_mvwu_protocol_docs.py::test_bdd_9_output_optional_key_documented[architect] PASSED [ 32%]
agate/tests/unit/test_mvwu_protocol_docs.py::test_bdd_10_p4_card_documents_evidence_landing PASSED [ 33%]
agate/tests/unit/test_mvwu_protocol_docs.py::test_bdd_11_task_files_registers_p4_evidence_and_tests_filter_comment PASSED [ 35%]
agate/tests/unit/test_mvwu_protocol_docs.py::test_bdd_12_no_p4_evidence_in_rules_dispatch_protocol_or_judge PASSED [ 36%]
agate/tests/unit/test_mvwu_protocol_docs.py::test_bdd_59_context_five_new_terms_three_columns_with_literals PASSED [ 38%]
agate/tests/unit/test_mvwu_protocol_docs.py::test_bdd_59_new_terms_in_order_and_locations_exist PASSED [ 40%]
agate/tests/unit/test_mvwu_protocol_docs.py::test_bdd_59_baseline_28_term_rows_still_present PASSED [ 41%]
agate/tests/unit/test_mvwu_protocol_docs.py::test_bdd_60_role_system_review_anchor_section PASSED [ 43%]
agate/tests/unit/test_mvwu_protocol_docs.py::test_bdd_60_new_section_has_no_bare_platform_tokens PASSED [ 44%]
agate/tests/unit/test_mvwu_protocol_docs.py::test_bdd_61_tracer_bullet_criterion[p2_card] PASSED [ 46%]
agate/tests/unit/test_mvwu_protocol_docs.py::test_bdd_61_tracer_bullet_criterion[architect] PASSED [ 47%]
agate/tests/unit/test_mvwu_protocol_docs.py::test_bdd_62_walking_skeleton_absorb_reject_record PASSED [ 49%]
agate/tests/unit/test_mvwu_protocol_docs.py::test_bdd_63_vertical_slice_criterion[p2_card] PASSED [ 50%]
agate/tests/unit/test_mvwu_protocol_docs.py::test_bdd_63_vertical_slice_criterion[architect] PASSED [ 52%]
agate/tests/unit/test_mvwu_protocol_docs.py::test_bdd_64_fitness_functions_criterion[p2_card_gate_commands] PASSED [ 53%]
agate/tests/unit/test_mvwu_protocol_docs.py::test_bdd_64_fitness_functions_criterion[architect] PASSED [ 55%]
agate/tests/unit/test_mvwu_protocol_docs.py::test_bdd_64_no_mandatory_arch_tool_requirement_in_protocol_docs PASSED [ 56%]
agate/tests/unit/test_mvwu_protocol_docs.py::test_bdd_65_adr_header_recheck_triggers PASSED [ 58%]
agate/tests/unit/test_mvwu_protocol_docs.py::test_bdd_65_adr_header_has_no_bare_platform_tokens PASSED [ 60%]
agate/tests/unit/test_mvwu_protocol_docs.py::test_bdd_65_existing_adrs_still_present PASSED [ 61%]
agate/tests/unit/test_mvwu_protocol_docs.py::test_bdd_66_p2_card_decisions_landing_and_reading PASSED [ 63%]
agate/tests/unit/test_mvwu_protocol_docs.py::test_bdd_66_write_timing_stated_in_p2_or_p7_card PASSED [ 64%]
agate/tests/unit/test_mvwu_protocol_docs.py::test_bdd_66_check_gate_does_not_read_decisions_dir PASSED [ 66%]
agate/tests/unit/test_mvwu_protocol_docs.py::test_bdd_67_kernel_files_exist_for_p5_diff_gate PASSED [ 67%]
agate/tests/unit/test_mvwu_protocol_docs.py::test_bdd_68_check_mvwu_not_registered_in_gate_hook_ci_surfaces PASSED [ 69%]
agate/tests/unit/test_mvwu_protocol_docs.py::test_bdd_69_scripts_readme_row_for_check_mvwu PASSED [ 70%]
agate/tests/unit/test_mvwu_protocol_docs.py::test_bdd_69_tests_readme_row_matches_collected_count PASSED [ 72%]
agate/tests/unit/test_mvwu_protocol_docs.py::test_bdd_69_changelog_mentions_tag0036 PASSED [ 73%]
agate/tests/unit/test_mvwu_protocol_docs.py::test_bdd_70_gate_script_exempt_contains_check_mvwu PASSED [ 75%]
agate/tests/unit/test_mvwu_protocol_docs.py::test_bdd_71_p4_protocol_alignment_review_exists_with_conclusion PASSED [ 76%]
agate/tests/unit/test_mvwu_protocol_docs.py::test_guard_b1_sg6_exists_in_alignment_review_tests PASSED [ 78%]
agate/tests/unit/test_mvwu_protocol_docs.py::test_guard_b2_p5_commands_shlex_split_and_no_quote_residue PASSED [ 80%]
agate/tests/unit/test_mvwu_protocol_docs.py::test_guard_b3_history_untouched_pathspec_is_literal_glob PASSED [ 81%]
agate/tests/unit/test_mvwu_protocol_docs.py::test_guard_b3_history_untouched_command_in_tmp_repo[delete_TAG0010-1] PASSED [ 83%]
agate/tests/unit/test_mvwu_protocol_docs.py::test_guard_b3_history_untouched_command_in_tmp_repo[delete_TAG0031-1] PASSED [ 84%]
agate/tests/unit/test_mvwu_protocol_docs.py::test_guard_b3_history_untouched_command_in_tmp_repo[delete_two_TAG0010_TAG0031-1] PASSED [ 86%]
agate/tests/unit/test_mvwu_protocol_docs.py::test_guard_b3_history_untouched_command_in_tmp_repo[delete_two_TAG0011_TAG0032-1] PASSED [ 87%]
agate/tests/unit/test_mvwu_protocol_docs.py::test_guard_b3_history_untouched_command_in_tmp_repo[modify_TAG0011-1] PASSED [ 89%]
agate/tests/unit/test_mvwu_protocol_docs.py::test_guard_b3_history_untouched_command_in_tmp_repo[modify_TAG0032-1] PASSED [ 90%]
agate/tests/unit/test_mvwu_protocol_docs.py::test_guard_b3_history_untouched_command_in_tmp_repo[add_TAG0012-1] PASSED [ 92%]
agate/tests/unit/test_mvwu_protocol_docs.py::test_guard_b3_history_untouched_command_in_tmp_repo[add_TAG0033-1] PASSED [ 93%]
agate/tests/unit/test_mvwu_protocol_docs.py::test_guard_b3_history_untouched_command_in_tmp_repo[modify_TAG0036-0] PASSED [ 95%]
agate/tests/unit/test_mvwu_protocol_docs.py::test_guard_b3_history_untouched_command_in_tmp_repo[add_TAG0037-0] PASSED [ 96%]
agate/tests/unit/test_mvwu_protocol_docs.py::test_guard_b3_history_untouched_command_in_tmp_repo[modify_TAG0036_and_add_TAG0037-0] PASSED [ 98%]
agate/tests/unit/test_mvwu_protocol_docs.py::test_guard_same_source_md_field_get_vs_split_frontmatter PASSED [100%]

============================== 65 passed in 2.21s ==============================
EXIT_CODE: 0
