# BDD-44 supplementary: existing test_dsh_preset.py (locks DSH literal commands) HEAD=043181d
============================= test session starts ==============================
collecting ... collected 9 items

agate/tests/unit/test_dsh_preset.py::test_dsh_agent_cordis_rows_have_id_and_name PASSED [ 11%]
agate/tests/unit/test_dsh_preset.py::test_dsh_tool_fs_search_has_required_config PASSED [ 22%]
agate/tests/unit/test_dsh_preset.py::test_dsh_persona_is_thin_identity PASSED [ 33%]
agate/tests/unit/test_dsh_preset.py::test_dsh_package_configs_have_all_required_keys PASSED [ 44%]
agate/tests/unit/test_dsh_preset.py::test_dsh_preset_yml_has_name_and_description PASSED [ 55%]
agate/tests/unit/test_dsh_preset.py::test_dsh_skill_frontmatter_valid PASSED [ 66%]
agate/tests/unit/test_dsh_preset.py::test_dsh_setup_section_and_symlink_commands_present PASSED [ 77%]
agate/tests/unit/test_dsh_preset.py::test_dsh_setup_dsh_section_within_step_2 PASSED [ 88%]
agate/tests/unit/test_dsh_preset.py::test_dsh_setup_section_has_install_hook_call PASSED [100%]

============================== 9 passed in 0.09s ===============================
EXIT_CODE: 0
